<?xml version="1.0" encoding="UTF-8"?>
<testsuite xmlns:xsi="http://www.w3.org/2001/XMLSchema-instance" xsi:noNamespaceSchemaLocation="https://maven.apache.org/surefire/maven-surefire-plugin/xsd/surefire-test-report-3.0.xsd" version="3.0" name="SomeTest" time="5.046" tests="1" errors="0" skipped="0" failures="0">
  <properties>
    <property name="java.specification.version" value="17"/>
    <property name="sun.jnu.encoding" value="UTF-8"/>
    <property name="java.class.path" value="/Users/daniil/VSCodeProjects/ClassNotFoundException/demo/target/test-classes:/Users/daniil/VSCodeProjects/ClassNotFoundException/demo/target/classes:/Users/daniil/.m2/repository/org/springframework/boot/spring-boot-starter-actuator/2.6.4/spring-boot-starter-actuator-2.6.4.jar:/Users/daniil/.m2/repository/org/springframework/boot/spring-boot-starter/2.6.4/spring-boot-starter-2.6.4.jar:/Users/daniil/.m2/repository/org/springframework/boot/spring-boot-starter-logging/2.6.4/spring-boot-starter-logging-2.6.4.jar:/Users/daniil/.m2/repository/ch/qos/logback/logback-classic/1.2.10/logback-classic-1.2.10.jar:/Users/daniil/.m2/repository/ch/qos/logback/logback-core/1.2.10/logback-core-1.2.10.jar:/Users/daniil/.m2/repository/org/apache/logging/log4j/log4j-to-slf4j/2.17.1/log4j-to-slf4j-2.17.1.jar:/Users/daniil/.m2/repository/org/apache/logging/log4j/log4j-api/2.17.1/log4j-api-2.17.1.jar:/Users/daniil/.m2/repository/org/slf4j/jul-to-slf4j/1.7.36/jul-to-slf4j-1.7.36.jar:/Users/daniil/.m2/repository/jakarta/annotation/jakarta.annotation-api/1.3.5/jakarta.annotation-api-1.3.5.jar:/Users/daniil/.m2/repository/org/yaml/snakeyaml/1.29/snakeyaml-1.29.jar:/Users/daniil/.m2/repository/org/springframework/boot/spring-boot-actuator-autoconfigure/2.6.4/spring-boot-actuator-autoconfigure-2.6.4.jar:/Users/daniil/.m2/repository/org/springframework/boot/spring-boot-actuator/2.6.4/spring-boot-actuator-2.6.4.jar:/Users/daniil/.m2/repository/com/fasterxml/jackson/core/jackson-databind/2.13.1/jackson-databind-2.13.1.jar:/Users/daniil/.m2/repository/com/fasterxml/jackson/core/jackson-annotations/2.13.1/jackson-annotations-2.13.1.jar:/Users/daniil/.m2/repository/com/fasterxml/jackson/core/jackson-core/2.13.1/jackson-core-2.13.1.jar:/Users/daniil/.m2/repository/com/fasterxml/jackson/datatype/jackson-datatype-jsr310/2.13.1/jackson-datatype-jsr310-2.13.1.jar:/Users/daniil/.m2/repository/io/micrometer/micrometer-core/1.8.3/micrometer-core-1.8.3.jar:/Users/daniil/.m2/repository/org/hdrhistogram/HdrHistogram/2.1.12/HdrHistogram-2.1.12.jar:/Users/daniil/.m2/repository/org/latencyutils/LatencyUtils/2.0.3/LatencyUtils-2.0.3.jar:/Users/daniil/VSCodeProjects/ClassNotFoundException/jpa/target/jpa-1.0-SNAPSHOT.jar:/Users/daniil/.m2/repository/com/example/model/1.0-SNAPSHOT/model-1.0-SNAPSHOT.jar:/Users/daniil/.m2/repository/jakarta/persistence/jakarta.persistence-api/2.2.3/jakarta.persistence-api-2.2.3.jar:/Users/daniil/.m2/repository/org/projectlombok/lombok/1.18.20/lombok-1.18.20.jar:/Users/daniil/.m2/repository/org/springframework/boot/spring-boot-starter-data-jpa/2.6.4/spring-boot-starter-data-jpa-2.6.4.jar:/Users/daniil/.m2/repository/org/springframework/boot/spring-boot-starter-aop/2.6.4/spring-boot-starter-aop-2.6.4.jar:/Users/daniil/.m2/repository/org/aspectj/aspectjweaver/1.9.7/aspectjweaver-1.9.7.jar:/Users/daniil/.m2/repository/org/springframework/boot/spring-boot-starter-jdbc/2.6.4/spring-boot-starter-jdbc-2.6.4.jar:/Users/daniil/.m2/repository/com/zaxxer/HikariCP/4.0.3/HikariCP-4.0.3.jar:/Users/daniil/.m2/repository/org/springframework/spring-jdbc/5.3.16/spring-jdbc-5.3.16.jar:/Users/daniil/.m2/repository/jakarta/transaction/jakarta.transaction-api/1.3.3/jakarta.transaction-api-1.3.3.jar:/Users/daniil/.m2/repository/org/hibernate/hibernate-core/5.6.5.Final/hibernate-core-5.6.5.Final.jar:/Users/daniil/.m2/repository/org/jboss/logging/jboss-logging/3.4.3.Final/jboss-logging-3.4.3.Final.jar:/Users/daniil/.m2/repository/net/bytebuddy/byte-buddy/1.11.22/byte-buddy-1.11.22.jar:/Users/daniil/.m2/repository/antlr/antlr/2.7.7/antlr-2.7.7.jar:/Users/daniil/.m2/repository/org/jboss/jandex/2.4.2.Final/jandex-2.4.2.Final.jar:/Users/daniil/.m2/repository/com/fasterxml/classmate/1.5.1/classmate-1.5.1.jar:/Users/daniil/.m2/repository/org/hibernate/common/hibernate-commons-annotations/5.1.2.Final/hibernate-commons-annotations-5.1.2.Final.jar:/Users/daniil/.m2/repository/org/glassfish/jaxb/jaxb-runtime/2.3.6/jaxb-runtime-2.3.6.jar:/Users/daniil/.m2/repository/org/glassfish/jaxb/txw2/2.3.6/txw2-2.3.6.jar:/Users/daniil/.m2/repository/com/sun/istack/istack-commons-runtime/3.0.12/istack-commons-runtime-3.0.12.jar:/Users/daniil/.m2/repository/com/sun/activation/jakarta.activation/1.2.2/jakarta.activation-1.2.2.jar:/Users/daniil/.m2/repository/org/springframework/spring-aspects/5.3.16/spring-aspects-5.3.16.jar:/Users/daniil/.m2/repository/org/springframework/boot/spring-boot-starter-test/2.6.4/spring-boot-starter-test-2.6.4.jar:/Users/daniil/.m2/repository/org/springframework/boot/spring-boot-test/2.6.4/spring-boot-test-2.6.4.jar:/Users/daniil/.m2/repository/com/jayway/jsonpath/json-path/2.6.0/json-path-2.6.0.jar:/Users/daniil/.m2/repository/net/minidev/json-smart/2.4.8/json-smart-2.4.8.jar:/Users/daniil/.m2/repository/net/minidev/accessors-smart/2.4.8/accessors-smart-2.4.8.jar:/Users/daniil/.m2/repository/org/ow2/asm/asm/9.1/asm-9.1.jar:/Users/daniil/.m2/repository/jakarta/xml/bind/jakarta.xml.bind-api/2.3.3/jakarta.xml.bind-api-2.3.3.jar:/Users/daniil/.m2/repository/jakarta/activation/jakarta.activation-api/1.2.2/jakarta.activation-api-1.2.2.jar:/Users/daniil/.m2/repository/org/assertj/assertj-core/3.21.0/assertj-core-3.21.0.jar:/Users/daniil/.m2/repository/org/hamcrest/hamcrest/2.2/hamcrest-2.2.jar:/Users/daniil/.m2/repository/org/junit/jupiter/junit-jupiter/5.8.2/junit-jupiter-5.8.2.jar:/Users/daniil/.m2/repository/org/junit/jupiter/junit-jupiter-params/5.8.2/junit-jupiter-params-5.8.2.jar:/Users/daniil/.m2/repository/org/junit/jupiter/junit-jupiter-engine/5.8.2/junit-jupiter-engine-5.8.2.jar:/Users/daniil/.m2/repository/org/junit/platform/junit-platform-engine/1.8.2/junit-platform-engine-1.8.2.jar:/Users/daniil/.m2/repository/org/mockito/mockito-core/4.0.0/mockito-core-4.0.0.jar:/Users/daniil/.m2/repository/net/bytebuddy/byte-buddy-agent/1.11.22/byte-buddy-agent-1.11.22.jar:/Users/daniil/.m2/repository/org/objenesis/objenesis/3.2/objenesis-3.2.jar:/Users/daniil/.m2/repository/org/mockito/mockito-junit-jupiter/4.0.0/mockito-junit-jupiter-4.0.0.jar:/Users/daniil/.m2/repository/org/skyscreamer/jsonassert/1.5.0/jsonassert-1.5.0.jar:/Users/daniil/.m2/repository/com/vaadin/external/google/android-json/0.0.20131108.vaadin1/android-json-0.0.20131108.vaadin1.jar:/Users/daniil/.m2/repository/org/springframework/spring-core/5.3.16/spring-core-5.3.16.jar:/Users/daniil/.m2/repository/org/springframework/spring-jcl/5.3.16/spring-jcl-5.3.16.jar:/Users/daniil/.m2/repository/org/springframework/spring-test/5.3.16/spring-test-5.3.16.jar:/Users/daniil/.m2/repository/org/xmlunit/xmlunit-core/2.8.4/xmlunit-core-2.8.4.jar:/Users/daniil/.m2/repository/org/springframework/boot/spring-boot-starter-web/2.6.4/spring-boot-starter-web-2.6.4.jar:/Users/daniil/.m2/repository/org/springframework/boot/spring-boot-starter-json/2.6.4/spring-boot-starter-json-2.6.4.jar:/Users/daniil/.m2/repository/com/fasterxml/jackson/datatype/jackson-datatype-jdk8/2.13.1/jackson-datatype-jdk8-2.13.1.jar:/Users/daniil/.m2/repository/com/fasterxml/jackson/module/jackson-module-parameter-names/2.13.1/jackson-module-parameter-names-2.13.1.jar:/Users/daniil/.m2/repository/org/springframework/boot/spring-boot-starter-tomcat/2.6.4/spring-boot-starter-tomcat-2.6.4.jar:/Users/daniil/.m2/repository/org/apache/tomcat/embed/tomcat-embed-core/9.0.58/tomcat-embed-core-9.0.58.jar:/Users/daniil/.m2/repository/org/apache/tomcat/embed/tomcat-embed-el/9.0.58/tomcat-embed-el-9.0.58.jar:/Users/daniil/.m2/repository/org/apache/tomcat/embed/tomcat-embed-websocket/9.0.58/tomcat-embed-websocket-9.0.58.jar:/Users/daniil/.m2/repository/org/springframework/spring-web/5.3.16/spring-web-5.3.16.jar:/Users/daniil/.m2/repository/org/springframework/spring-webmvc/5.3.16/spring-webmvc-5.3.16.jar:/Users/daniil/.m2/repository/org/springframework/spring-expression/5.3.16/spring-expression-5.3.16.jar:/Users/daniil/.m2/repository/org/junit/jupiter/junit-jupiter-api/5.8.2/junit-jupiter-api-5.8.2.jar:/Users/daniil/.m2/repository/org/opentest4j/opentest4j/1.2.0/opentest4j-1.2.0.jar:/Users/daniil/.m2/repository/org/junit/platform/junit-platform-commons/1.8.2/junit-platform-commons-1.8.2.jar:/Users/daniil/.m2/repository/org/apiguardian/apiguardian-api/1.1.2/apiguardian-api-1.1.2.jar:/Users/daniil/.m2/repository/org/springframework/data/spring-data-jpa/2.6.2/spring-data-jpa-2.6.2.jar:/Users/daniil/.m2/repository/org/springframework/data/spring-data-commons/2.6.2/spring-data-commons-2.6.2.jar:/Users/daniil/.m2/repository/org/springframework/spring-orm/5.3.16/spring-orm-5.3.16.jar:/Users/daniil/.m2/repository/org/springframework/spring-context/5.3.16/spring-context-5.3.16.jar:/Users/daniil/.m2/repository/org/springframework/spring-aop/5.3.16/spring-aop-5.3.16.jar:/Users/daniil/.m2/repository/org/springframework/spring-tx/5.3.16/spring-tx-5.3.16.jar:/Users/daniil/.m2/repository/org/springframework/spring-beans/5.3.16/spring-beans-5.3.16.jar:/Users/daniil/.m2/repository/org/slf4j/slf4j-api/1.7.36/slf4j-api-1.7.36.jar:/Users/daniil/.m2/repository/org/springframework/boot/spring-boot-test-autoconfigure/2.6.4/spring-boot-test-autoconfigure-2.6.4.jar:/Users/daniil/.m2/repository/org/springframework/boot/spring-boot/2.6.4/spring-boot-2.6.4.jar:/Users/daniil/.m2/repository/org/springframework/boot/spring-boot-autoconfigure/2.6.4/spring-boot-autoconfigure-2.6.4.jar:/Users/daniil/.m2/repository/io/zonky/test/embedded-postgres/2.0.4/embedded-postgres-2.0.4.jar:/Users/daniil/.m2/repository/io/zonky/test/postgres/embedded-postgres-binaries-windows-amd64/14.8.0/embedded-postgres-binaries-windows-amd64-14.8.0.jar:/Users/daniil/.m2/repository/io/zonky/test/postgres/embedded-postgres-binaries-darwin-amd64/14.8.0/embedded-postgres-binaries-darwin-amd64-14.8.0.jar:/Users/daniil/.m2/repository/io/zonky/test/postgres/embedded-postgres-binaries-linux-amd64/14.8.0/embedded-postgres-binaries-linux-amd64-14.8.0.jar:/Users/daniil/.m2/repository/io/zonky/test/postgres/embedded-postgres-binaries-linux-amd64-alpine/14.8.0/embedded-postgres-binaries-linux-amd64-alpine-14.8.0.jar:/Users/daniil/.m2/repository/org/apache/commons/commons-lang3/3.12.0/commons-lang3-3.12.0.jar:/Users/daniil/.m2/repository/org/apache/commons/commons-compress/1.21/commons-compress-1.21.jar:/Users/daniil/.m2/repository/org/tukaani/xz/1.9/xz-1.9.jar:/Users/daniil/.m2/repository/commons-io/commons-io/2.11.0/commons-io-2.11.0.jar:/Users/daniil/.m2/repository/commons-codec/commons-codec/1.15/commons-codec-1.15.jar:/Users/daniil/.m2/repository/org/postgresql/postgresql/42.3.3/postgresql-42.3.3.jar:/Users/daniil/.m2/repository/org/checkerframework/checker-qual/3.5.0/checker-qual-3.5.0.jar:"/>
    <property name="java.vm.vendor" value="Eclipse Adoptium"/>
    <property name="sun.arch.data.model" value="64"/>
    <property name="catalina.useNaming" value="false"/>
    <property name="java.vendor.url" value="https://adoptium.net/"/>
    <property name="user.timezone" value="Europe/Moscow"/>
    <property name="os.name" value="Mac OS X"/>
    <property name="java.vm.specification.version" value="17"/>
    <property name="sun.java.launcher" value="SUN_STANDARD"/>
    <property name="user.country" value="RU"/>
    <property name="sun.boot.library.path" value="/Users/daniil/Library/Java/JavaVirtualMachines/temurin-17.0.10/Contents/Home/lib"/>
    <property name="sun.java.command" value="/Users/daniil/VSCodeProjects/ClassNotFoundException/demo/target/surefire/surefirebooter5361994005975819738.jar /Users/daniil/VSCodeProjects/ClassNotFoundException/demo/target/surefire 2024-06-04T12-36-16_576-jvmRun1 surefire1131776171545582440tmp surefire_014595844812479340856tmp"/>
    <property name="http.nonProxyHosts" value="local|*.local|169.254/16|*.169.254/16"/>
    <property name="jdk.debug" value="release"/>
    <property name="surefire.test.class.path" value="/Users/daniil/VSCodeProjects/ClassNotFoundException/demo/target/test-classes:/Users/daniil/VSCodeProjects/ClassNotFoundException/demo/target/classes:/Users/daniil/.m2/repository/org/springframework/boot/spring-boot-starter-actuator/2.6.4/spring-boot-starter-actuator-2.6.4.jar:/Users/daniil/.m2/repository/org/springframework/boot/spring-boot-starter/2.6.4/spring-boot-starter-2.6.4.jar:/Users/daniil/.m2/repository/org/springframework/boot/spring-boot-starter-logging/2.6.4/spring-boot-starter-logging-2.6.4.jar:/Users/daniil/.m2/repository/ch/qos/logback/logback-classic/1.2.10/logback-classic-1.2.10.jar:/Users/daniil/.m2/repository/ch/qos/logback/logback-core/1.2.10/logback-core-1.2.10.jar:/Users/daniil/.m2/repository/org/apache/logging/log4j/log4j-to-slf4j/2.17.1/log4j-to-slf4j-2.17.1.jar:/Users/daniil/.m2/repository/org/apache/logging/log4j/log4j-api/2.17.1/log4j-api-2.17.1.jar:/Users/daniil/.m2/repository/org/slf4j/jul-to-slf4j/1.7.36/jul-to-slf4j-1.7.36.jar:/Users/daniil/.m2/repository/jakarta/annotation/jakarta.annotation-api/1.3.5/jakarta.annotation-api-1.3.5.jar:/Users/daniil/.m2/repository/org/yaml/snakeyaml/1.29/snakeyaml-1.29.jar:/Users/daniil/.m2/repository/org/springframework/boot/spring-boot-actuator-autoconfigure/2.6.4/spring-boot-actuator-autoconfigure-2.6.4.jar:/Users/daniil/.m2/repository/org/springframework/boot/spring-boot-actuator/2.6.4/spring-boot-actuator-2.6.4.jar:/Users/daniil/.m2/repository/com/fasterxml/jackson/core/jackson-databind/2.13.1/jackson-databind-2.13.1.jar:/Users/daniil/.m2/repository/com/fasterxml/jackson/core/jackson-annotations/2.13.1/jackson-annotations-2.13.1.jar:/Users/daniil/.m2/repository/com/fasterxml/jackson/core/jackson-core/2.13.1/jackson-core-2.13.1.jar:/Users/daniil/.m2/repository/com/fasterxml/jackson/datatype/jackson-datatype-jsr310/2.13.1/jackson-datatype-jsr310-2.13.1.jar:/Users/daniil/.m2/repository/io/micrometer/micrometer-core/1.8.3/micrometer-core-1.8.3.jar:/Users/daniil/.m2/repository/org/hdrhistogram/HdrHistogram/2.1.12/HdrHistogram-2.1.12.jar:/Users/daniil/.m2/repository/org/latencyutils/LatencyUtils/2.0.3/LatencyUtils-2.0.3.jar:/Users/daniil/VSCodeProjects/ClassNotFoundException/jpa/target/jpa-1.0-SNAPSHOT.jar:/Users/daniil/.m2/repository/com/example/model/1.0-SNAPSHOT/model-1.0-SNAPSHOT.jar:/Users/daniil/.m2/repository/jakarta/persistence/jakarta.persistence-api/2.2.3/jakarta.persistence-api-2.2.3.jar:/Users/daniil/.m2/repository/org/projectlombok/lombok/1.18.20/lombok-1.18.20.jar:/Users/daniil/.m2/repository/org/springframework/boot/spring-boot-starter-data-jpa/2.6.4/spring-boot-starter-data-jpa-2.6.4.jar:/Users/daniil/.m2/repository/org/springframework/boot/spring-boot-starter-aop/2.6.4/spring-boot-starter-aop-2.6.4.jar:/Users/daniil/.m2/repository/org/aspectj/aspectjweaver/1.9.7/aspectjweaver-1.9.7.jar:/Users/daniil/.m2/repository/org/springframework/boot/spring-boot-starter-jdbc/2.6.4/spring-boot-starter-jdbc-2.6.4.jar:/Users/daniil/.m2/repository/com/zaxxer/HikariCP/4.0.3/HikariCP-4.0.3.jar:/Users/daniil/.m2/repository/org/springframework/spring-jdbc/5.3.16/spring-jdbc-5.3.16.jar:/Users/daniil/.m2/repository/jakarta/transaction/jakarta.transaction-api/1.3.3/jakarta.transaction-api-1.3.3.jar:/Users/daniil/.m2/repository/org/hibernate/hibernate-core/5.6.5.Final/hibernate-core-5.6.5.Final.jar:/Users/daniil/.m2/repository/org/jboss/logging/jboss-logging/3.4.3.Final/jboss-logging-3.4.3.Final.jar:/Users/daniil/.m2/repository/net/bytebuddy/byte-buddy/1.11.22/byte-buddy-1.11.22.jar:/Users/daniil/.m2/repository/antlr/antlr/2.7.7/antlr-2.7.7.jar:/Users/daniil/.m2/repository/org/jboss/jandex/2.4.2.Final/jandex-2.4.2.Final.jar:/Users/daniil/.m2/repository/com/fasterxml/classmate/1.5.1/classmate-1.5.1.jar:/Users/daniil/.m2/repository/org/hibernate/common/hibernate-commons-annotations/5.1.2.Final/hibernate-commons-annotations-5.1.2.Final.jar:/Users/daniil/.m2/repository/org/glassfish/jaxb/jaxb-runtime/2.3.6/jaxb-runtime-2.3.6.jar:/Users/daniil/.m2/repository/org/glassfish/jaxb/txw2/2.3.6/txw2-2.3.6.jar:/Users/daniil/.m2/repository/com/sun/istack/istack-commons-runtime/3.0.12/istack-commons-runtime-3.0.12.jar:/Users/daniil/.m2/repository/com/sun/activation/jakarta.activation/1.2.2/jakarta.activation-1.2.2.jar:/Users/daniil/.m2/repository/org/springframework/spring-aspects/5.3.16/spring-aspects-5.3.16.jar:/Users/daniil/.m2/repository/org/springframework/boot/spring-boot-starter-test/2.6.4/spring-boot-starter-test-2.6.4.jar:/Users/daniil/.m2/repository/org/springframework/boot/spring-boot-test/2.6.4/spring-boot-test-2.6.4.jar:/Users/daniil/.m2/repository/com/jayway/jsonpath/json-path/2.6.0/json-path-2.6.0.jar:/Users/daniil/.m2/repository/net/minidev/json-smart/2.4.8/json-smart-2.4.8.jar:/Users/daniil/.m2/repository/net/minidev/accessors-smart/2.4.8/accessors-smart-2.4.8.jar:/Users/daniil/.m2/repository/org/ow2/asm/asm/9.1/asm-9.1.jar:/Users/daniil/.m2/repository/jakarta/xml/bind/jakarta.xml.bind-api/2.3.3/jakarta.xml.bind-api-2.3.3.jar:/Users/daniil/.m2/repository/jakarta/activation/jakarta.activation-api/1.2.2/jakarta.activation-api-1.2.2.jar:/Users/daniil/.m2/repository/org/assertj/assertj-core/3.21.0/assertj-core-3.21.0.jar:/Users/daniil/.m2/repository/org/hamcrest/hamcrest/2.2/hamcrest-2.2.jar:/Users/daniil/.m2/repository/org/junit/jupiter/junit-jupiter/5.8.2/junit-jupiter-5.8.2.jar:/Users/daniil/.m2/repository/org/junit/jupiter/junit-jupiter-params/5.8.2/junit-jupiter-params-5.8.2.jar:/Users/daniil/.m2/repository/org/junit/jupiter/junit-jupiter-engine/5.8.2/junit-jupiter-engine-5.8.2.jar:/Users/daniil/.m2/repository/org/junit/platform/junit-platform-engine/1.8.2/junit-platform-engine-1.8.2.jar:/Users/daniil/.m2/repository/org/mockito/mockito-core/4.0.0/mockito-core-4.0.0.jar:/Users/daniil/.m2/repository/net/bytebuddy/byte-buddy-agent/1.11.22/byte-buddy-agent-1.11.22.jar:/Users/daniil/.m2/repository/org/objenesis/objenesis/3.2/objenesis-3.2.jar:/Users/daniil/.m2/repository/org/mockito/mockito-junit-jupiter/4.0.0/mockito-junit-jupiter-4.0.0.jar:/Users/daniil/.m2/repository/org/skyscreamer/jsonassert/1.5.0/jsonassert-1.5.0.jar:/Users/daniil/.m2/repository/com/vaadin/external/google/android-json/0.0.20131108.vaadin1/android-json-0.0.20131108.vaadin1.jar:/Users/daniil/.m2/repository/org/springframework/spring-core/5.3.16/spring-core-5.3.16.jar:/Users/daniil/.m2/repository/org/springframework/spring-jcl/5.3.16/spring-jcl-5.3.16.jar:/Users/daniil/.m2/repository/org/springframework/spring-test/5.3.16/spring-test-5.3.16.jar:/Users/daniil/.m2/repository/org/xmlunit/xmlunit-core/2.8.4/xmlunit-core-2.8.4.jar:/Users/daniil/.m2/repository/org/springframework/boot/spring-boot-starter-web/2.6.4/spring-boot-starter-web-2.6.4.jar:/Users/daniil/.m2/repository/org/springframework/boot/spring-boot-starter-json/2.6.4/spring-boot-starter-json-2.6.4.jar:/Users/daniil/.m2/repository/com/fasterxml/jackson/datatype/jackson-datatype-jdk8/2.13.1/jackson-datatype-jdk8-2.13.1.jar:/Users/daniil/.m2/repository/com/fasterxml/jackson/module/jackson-module-parameter-names/2.13.1/jackson-module-parameter-names-2.13.1.jar:/Users/daniil/.m2/repository/org/springframework/boot/spring-boot-starter-tomcat/2.6.4/spring-boot-starter-tomcat-2.6.4.jar:/Users/daniil/.m2/repository/org/apache/tomcat/embed/tomcat-embed-core/9.0.58/tomcat-embed-core-9.0.58.jar:/Users/daniil/.m2/repository/org/apache/tomcat/embed/tomcat-embed-el/9.0.58/tomcat-embed-el-9.0.58.jar:/Users/daniil/.m2/repository/org/apache/tomcat/embed/tomcat-embed-websocket/9.0.58/tomcat-embed-websocket-9.0.58.jar:/Users/daniil/.m2/repository/org/springframework/spring-web/5.3.16/spring-web-5.3.16.jar:/Users/daniil/.m2/repository/org/springframework/spring-webmvc/5.3.16/spring-webmvc-5.3.16.jar:/Users/daniil/.m2/repository/org/springframework/spring-expression/5.3.16/spring-expression-5.3.16.jar:/Users/daniil/.m2/repository/org/junit/jupiter/junit-jupiter-api/5.8.2/junit-jupiter-api-5.8.2.jar:/Users/daniil/.m2/repository/org/opentest4j/opentest4j/1.2.0/opentest4j-1.2.0.jar:/Users/daniil/.m2/repository/org/junit/platform/junit-platform-commons/1.8.2/junit-platform-commons-1.8.2.jar:/Users/daniil/.m2/repository/org/apiguardian/apiguardian-api/1.1.2/apiguardian-api-1.1.2.jar:/Users/daniil/.m2/repository/org/springframework/data/spring-data-jpa/2.6.2/spring-data-jpa-2.6.2.jar:/Users/daniil/.m2/repository/org/springframework/data/spring-data-commons/2.6.2/spring-data-commons-2.6.2.jar:/Users/daniil/.m2/repository/org/springframework/spring-orm/5.3.16/spring-orm-5.3.16.jar:/Users/daniil/.m2/repository/org/springframework/spring-context/5.3.16/spring-context-5.3.16.jar:/Users/daniil/.m2/repository/org/springframework/spring-aop/5.3.16/spring-aop-5.3.16.jar:/Users/daniil/.m2/repository/org/springframework/spring-tx/5.3.16/spring-tx-5.3.16.jar:/Users/daniil/.m2/repository/org/springframework/spring-beans/5.3.16/spring-beans-5.3.16.jar:/Users/daniil/.m2/repository/org/slf4j/slf4j-api/1.7.36/slf4j-api-1.7.36.jar:/Users/daniil/.m2/repository/org/springframework/boot/spring-boot-test-autoconfigure/2.6.4/spring-boot-test-autoconfigure-2.6.4.jar:/Users/daniil/.m2/repository/org/springframework/boot/spring-boot/2.6.4/spring-boot-2.6.4.jar:/Users/daniil/.m2/repository/org/springframework/boot/spring-boot-autoconfigure/2.6.4/spring-boot-autoconfigure-2.6.4.jar:/Users/daniil/.m2/repository/io/zonky/test/embedded-postgres/2.0.4/embedded-postgres-2.0.4.jar:/Users/daniil/.m2/repository/io/zonky/test/postgres/embedded-postgres-binaries-windows-amd64/14.8.0/embedded-postgres-binaries-windows-amd64-14.8.0.jar:/Users/daniil/.m2/repository/io/zonky/test/postgres/embedded-postgres-binaries-darwin-amd64/14.8.0/embedded-postgres-binaries-darwin-amd64-14.8.0.jar:/Users/daniil/.m2/repository/io/zonky/test/postgres/embedded-postgres-binaries-linux-amd64/14.8.0/embedded-postgres-binaries-linux-amd64-14.8.0.jar:/Users/daniil/.m2/repository/io/zonky/test/postgres/embedded-postgres-binaries-linux-amd64-alpine/14.8.0/embedded-postgres-binaries-linux-amd64-alpine-14.8.0.jar:/Users/daniil/.m2/repository/org/apache/commons/commons-lang3/3.12.0/commons-lang3-3.12.0.jar:/Users/daniil/.m2/repository/org/apache/commons/commons-compress/1.21/commons-compress-1.21.jar:/Users/daniil/.m2/repository/org/tukaani/xz/1.9/xz-1.9.jar:/Users/daniil/.m2/repository/commons-io/commons-io/2.11.0/commons-io-2.11.0.jar:/Users/daniil/.m2/repository/commons-codec/commons-codec/1.15/commons-codec-1.15.jar:/Users/daniil/.m2/repository/org/postgresql/postgresql/42.3.3/postgresql-42.3.3.jar:/Users/daniil/.m2/repository/org/checkerframework/checker-qual/3.5.0/checker-qual-3.5.0.jar:"/>
    <property name="sun.cpu.endian" value="little"/>
    <property name="user.home" value="/Users/daniil"/>
    <property name="user.language" value="ru"/>
    <property name="java.specification.vendor" value="Oracle Corporation"/>
    <property name="java.version.date" value="2024-01-16"/>
    <property name="java.home" value="/Users/daniil/Library/Java/JavaVirtualMachines/temurin-17.0.10/Contents/Home"/>
    <property name="file.separator" value="/"/>
    <property name="basedir" value="/Users/daniil/VSCodeProjects/ClassNotFoundException/demo"/>
    <property name="java.vm.compressedOopsMode" value="Zero based"/>
    <property name="line.separator" value="&#10;"/>
    <property name="java.vm.specification.vendor" value="Oracle Corporation"/>
    <property name="java.specification.name" value="Java Platform API Specification"/>
    <property name="FILE_LOG_CHARSET" value="UTF-8"/>
    <property name="java.awt.headless" value="true"/>
    <property name="surefire.real.class.path" value="/Users/daniil/VSCodeProjects/ClassNotFoundException/demo/target/surefire/surefirebooter5361994005975819738.jar"/>
    <property name="sun.management.compiler" value="HotSpot 64-Bit Tiered Compilers"/>
    <property name="ftp.nonProxyHosts" value="local|*.local|169.254/16|*.169.254/16"/>
    <property name="java.runtime.version" value="17.0.10+7"/>
    <property name="user.name" value="daniil"/>
    <property name="path.separator" value=":"/>
    <property name="os.version" value="14.4"/>
    <property name="java.runtime.name" value="OpenJDK Runtime Environment"/>
    <property name="file.encoding" value="UTF-8"/>
    <property name="spring.beaninfo.ignore" value="true"/>
    <property name="java.vm.name" value="OpenJDK 64-Bit Server VM"/>
    <property name="java.vendor.version" value="Temurin-17.0.10+7"/>
    <property name="localRepository" value="/Users/daniil/.m2/repository"/>
    <property name="java.vendor.url.bug" value="https://github.com/adoptium/adoptium-support/issues"/>
    <property name="java.io.tmpdir" value="/var/folders/9k/5b7bpgv54f3fq5k66m8yz3p00000gn/T/"/>
    <property name="catalina.home" value="/private/var/folders/9k/5b7bpgv54f3fq5k66m8yz3p00000gn/T/tomcat.8080.7795658648708115606"/>
    <property name="com.zaxxer.hikari.pool_number" value="1"/>
    <property name="java.version" value="17.0.10"/>
    <property name="user.dir" value="/Users/daniil/VSCodeProjects/ClassNotFoundException/demo"/>
    <property name="os.arch" value="aarch64"/>
    <property name="java.vm.specification.name" value="Java Virtual Machine Specification"/>
    <property name="PID" value="78817"/>
    <property name="CONSOLE_LOG_CHARSET" value="UTF-8"/>
    <property name="catalina.base" value="/private/var/folders/9k/5b7bpgv54f3fq5k66m8yz3p00000gn/T/tomcat.8080.7795658648708115606"/>
    <property name="native.encoding" value="UTF-8"/>
    <property name="java.library.path" value="/Users/daniil/Library/Java/Extensions:/Library/Java/Extensions:/Network/Library/Java/Extensions:/System/Library/Java/Extensions:/usr/lib/java:."/>
    <property name="java.vm.info" value="mixed mode"/>
    <property name="java.vendor" value="Eclipse Adoptium"/>
    <property name="java.vm.version" value="17.0.10+7"/>
    <property name="sun.io.unicode.encoding" value="UnicodeBig"/>
    <property name="socksNonProxyHosts" value="local|*.local|169.254/16|*.169.254/16"/>
    <property name="java.class.version" value="61.0"/>
  </properties>
  <testcase name="started" classname="SomeTest" time="0.079">
    <system-out><![CDATA[12:36:16.996 [main] DEBUG org.springframework.test.context.BootstrapUtils - Instantiating CacheAwareContextLoaderDelegate from class [org.springframework.test.context.cache.DefaultCacheAwareContextLoaderDelegate]
12:36:17.000 [main] DEBUG org.springframework.test.context.BootstrapUtils - Instantiating BootstrapContext using constructor [public org.springframework.test.context.support.DefaultBootstrapContext(java.lang.Class,org.springframework.test.context.CacheAwareContextLoaderDelegate)]
12:36:17.014 [main] DEBUG org.springframework.test.context.BootstrapUtils - Instantiating TestContextBootstrapper for test class [SomeTest] from class [org.springframework.boot.test.context.SpringBootTestContextBootstrapper]
12:36:17.018 [main] INFO org.springframework.boot.test.context.SpringBootTestContextBootstrapper - Neither @ContextConfiguration nor @ContextHierarchy found for test class [SomeTest], using SpringBootContextLoader
12:36:17.019 [main] DEBUG org.springframework.test.context.support.AbstractContextLoader - Did not detect default resource location for test class [SomeTest]: class path resource [SomeTest-context.xml] does not exist
12:36:17.019 [main] DEBUG org.springframework.test.context.support.AbstractContextLoader - Did not detect default resource location for test class [SomeTest]: class path resource [SomeTestContext.groovy] does not exist
12:36:17.019 [main] INFO org.springframework.test.context.support.AbstractContextLoader - Could not detect default resource locations for test class [SomeTest]: no resource found for suffixes {-context.xml, Context.groovy}.
12:36:17.038 [main] DEBUG org.springframework.test.context.support.ActiveProfilesUtils - Could not find an 'annotation declaring class' for annotation type [org.springframework.test.context.ActiveProfiles] and class [SomeTest]
12:36:17.083 [main] DEBUG org.springframework.boot.test.context.SpringBootTestContextBootstrapper - @TestExecutionListeners is not present for class [SomeTest]: using defaults.
12:36:17.083 [main] INFO org.springframework.boot.test.context.SpringBootTestContextBootstrapper - Loaded default TestExecutionListener class names from location [META-INF/spring.factories]: [org.springframework.boot.test.mock.mockito.MockitoTestExecutionListener, org.springframework.boot.test.mock.mockito.ResetMocksTestExecutionListener, org.springframework.test.context.web.ServletTestExecutionListener, org.springframework.test.context.support.DirtiesContextBeforeModesTestExecutionListener, org.springframework.test.context.event.ApplicationEventsTestExecutionListener, org.springframework.test.context.support.DependencyInjectionTestExecutionListener, org.springframework.test.context.support.DirtiesContextTestExecutionListener, org.springframework.test.context.transaction.TransactionalTestExecutionListener, org.springframework.test.context.jdbc.SqlScriptsTestExecutionListener, org.springframework.test.context.event.EventPublishingTestExecutionListener, org.springframework.boot.test.autoconfigure.restdocs.RestDocsTestExecutionListener, org.springframework.boot.test.autoconfigure.web.client.MockRestServiceServerResetTestExecutionListener, org.springframework.boot.test.autoconfigure.web.servlet.MockMvcPrintOnlyOnFailureTestExecutionListener, org.springframework.boot.test.autoconfigure.web.servlet.WebDriverTestExecutionListener, org.springframework.boot.test.autoconfigure.webservices.client.MockWebServiceServerTestExecutionListener]
12:36:17.088 [main] INFO org.springframework.boot.test.context.SpringBootTestContextBootstrapper - Using TestExecutionListeners: [org.springframework.test.context.web.ServletTestExecutionListener@60a2630a, org.springframework.test.context.support.DirtiesContextBeforeModesTestExecutionListener@29df4d43, org.springframework.test.context.event.ApplicationEventsTestExecutionListener@5dd91bca, org.springframework.boot.test.mock.mockito.MockitoTestExecutionListener@40cb698e, org.springframework.boot.test.autoconfigure.SpringBootDependencyInjectionTestExecutionListener@3382f8ae, org.springframework.test.context.support.DirtiesContextTestExecutionListener@60641ec8, org.springframework.test.context.transaction.TransactionalTestExecutionListener@75f65e45, org.springframework.test.context.jdbc.SqlScriptsTestExecutionListener@6eeade6c, org.springframework.test.context.event.EventPublishingTestExecutionListener@4a891c97, org.springframework.boot.test.mock.mockito.ResetMocksTestExecutionListener@a5bd950, org.springframework.boot.test.autoconfigure.restdocs.RestDocsTestExecutionListener@4d18aa28, org.springframework.boot.test.autoconfigure.web.client.MockRestServiceServerResetTestExecutionListener@75390459, org.springframework.boot.test.autoconfigure.web.servlet.MockMvcPrintOnlyOnFailureTestExecutionListener@7756c3cd, org.springframework.boot.test.autoconfigure.web.servlet.WebDriverTestExecutionListener@2313052e, org.springframework.boot.test.autoconfigure.webservices.client.MockWebServiceServerTestExecutionListener@2bd2b28e]
12:36:17.090 [main] DEBUG org.springframework.test.context.support.AbstractDirtiesContextTestExecutionListener - Before test class: context [DefaultTestContext@2b5825fa testClass = SomeTest, testInstance = [null], testMethod = [null], testException = [null], mergedContextConfiguration = [WebMergedContextConfiguration@53d1b9b3 testClass = SomeTest, locations = '{}', classes = '{class AbstractTestConfiguration$BaseConfiguration}', contextInitializerClasses = '[]', activeProfiles = '{}', propertySourceLocations = '{}', propertySourceProperties = '{org.springframework.boot.test.context.SpringBootTestContextBootstrapper=true}', contextCustomizers = set[[ImportsContextCustomizer@2cae1042 key = [@org.springframework.boot.test.context.SpringBootTest(args={}, webEnvironment=DEFINED_PORT, value={}, properties={}, classes={AbstractTestConfiguration$BaseConfiguration.class}), @org.springframework.boot.autoconfigure.EnableAutoConfiguration(exclude={}, excludeName={}), @org.springframework.context.annotation.Import({org.springframework.boot.autoconfigure.AutoConfigurationImportSelector.class}), @org.springframework.context.annotation.Import({org.springframework.boot.autoconfigure.AutoConfigurationPackages$Registrar.class}), @org.springframework.boot.autoconfigure.AutoConfigurationPackage(basePackages={}, basePackageClasses={}), @org.springframework.test.context.BootstrapWith(org.springframework.boot.test.context.SpringBootTestContextBootstrapper.class), @org.springframework.test.annotation.DirtiesContext(hierarchyMode=EXHAUSTIVE, methodMode=AFTER_METHOD, classMode=BEFORE_CLASS)]], org.springframework.boot.test.context.filter.ExcludeFilterContextCustomizer@345f69f3, org.springframework.boot.test.json.DuplicateJsonObjectContextCustomizerFactory$DuplicateJsonObjectContextCustomizer@1e8b7643, org.springframework.boot.test.mock.mockito.MockitoContextCustomizer@0, org.springframework.boot.test.web.client.TestRestTemplateContextCustomizer@1efe439d, org.springframework.boot.test.autoconfigure.actuate.metrics.MetricsExportContextCustomizerFactory$DisableMetricExportContextCustomizer@1339e7aa, org.springframework.boot.test.autoconfigure.properties.PropertyMappingContextCustomizer@0, org.springframework.boot.test.autoconfigure.web.servlet.WebDriverContextCustomizerFactory$Customizer@132e0cc, org.springframework.boot.test.context.SpringBootTestArgs@1, org.springframework.boot.test.context.SpringBootTestWebEnvironment@14cd1699], resourceBasePath = 'src/main/webapp', contextLoader = 'org.springframework.boot.test.context.SpringBootContextLoader', parent = [null]], attributes = map['org.springframework.test.context.web.ServletTestExecutionListener.activateListener' -> false]], class annotated with @DirtiesContext [true] with mode [BEFORE_CLASS].
12:36:17.107 [main] INFO io.zonky.test.db.postgres.embedded.EmbeddedPostgres - Detected a Darwin aarch64 system
12:36:17.108 [main] INFO io.zonky.test.db.postgres.embedded.DefaultPostgresBinaryResolver - Detected distribution: 'Unknown'
12:36:17.109 [main] WARN io.zonky.test.db.postgres.embedded.DefaultPostgresBinaryResolver - No native binaries supporting aarch64 architecture found. Trying to use binaries for amd64 architecture instead: 'postgres-darwin-x86_64.txz'. Make sure you have Rosetta 2 emulation enabled. Note that performance may be degraded.
12:36:17.181 [main] INFO io.zonky.test.db.postgres.embedded.EmbeddedPostgres - Extracting Postgres...
12:36:19.503 [main] INFO io.zonky.test.db.postgres.embedded.EmbeddedPostgres - Postgres binaries at /var/folders/9k/5b7bpgv54f3fq5k66m8yz3p00000gn/T/embedded-pg/PG-95baeb96ab6751ea71c17b280cad95e9
12:36:19.553 [initdb:pid(78829)] INFO io.zonky.test.db.postgres.embedded.EmbeddedPostgres - The files belonging to this database system will be owned by user "daniil".
12:36:19.554 [initdb:pid(78829)] INFO io.zonky.test.db.postgres.embedded.EmbeddedPostgres - This user must also own the server process.
12:36:19.554 [initdb:pid(78829)] INFO io.zonky.test.db.postgres.embedded.EmbeddedPostgres - 
12:36:19.554 [initdb:pid(78829)] INFO io.zonky.test.db.postgres.embedded.EmbeddedPostgres - The database cluster will be initialized with locale "ru_RU.UTF-8".
12:36:19.554 [initdb:pid(78829)] INFO io.zonky.test.db.postgres.embedded.EmbeddedPostgres - The default text search configuration will be set to "russian".
12:36:19.554 [initdb:pid(78829)] INFO io.zonky.test.db.postgres.embedded.EmbeddedPostgres - 
12:36:19.554 [initdb:pid(78829)] INFO io.zonky.test.db.postgres.embedded.EmbeddedPostgres - Data page checksums are disabled.
12:36:19.554 [initdb:pid(78829)] INFO io.zonky.test.db.postgres.embedded.EmbeddedPostgres - 
12:36:19.554 [initdb:pid(78829)] INFO io.zonky.test.db.postgres.embedded.EmbeddedPostgres - fixing permissions on existing directory /var/folders/9k/5b7bpgv54f3fq5k66m8yz3p00000gn/T/epg16102085508482002459 ... ok
12:36:19.554 [initdb:pid(78829)] INFO io.zonky.test.db.postgres.embedded.EmbeddedPostgres - creating subdirectories ... ok
12:36:19.554 [initdb:pid(78829)] INFO io.zonky.test.db.postgres.embedded.EmbeddedPostgres - selecting dynamic shared memory implementation ... posix
12:36:19.566 [initdb:pid(78829)] INFO io.zonky.test.db.postgres.embedded.EmbeddedPostgres - selecting default max_connections ... 100
12:36:19.576 [initdb:pid(78829)] INFO io.zonky.test.db.postgres.embedded.EmbeddedPostgres - selecting default shared_buffers ... 128MB
12:36:19.578 [initdb:pid(78829)] INFO io.zonky.test.db.postgres.embedded.EmbeddedPostgres - selecting default time zone ... Europe/Moscow
12:36:19.579 [initdb:pid(78829)] INFO io.zonky.test.db.postgres.embedded.EmbeddedPostgres - creating configuration files ... ok
12:36:19.678 [initdb:pid(78829)] INFO io.zonky.test.db.postgres.embedded.EmbeddedPostgres - running bootstrap script ... ok
12:36:19.969 [initdb:pid(78829)] INFO io.zonky.test.db.postgres.embedded.EmbeddedPostgres - performing post-bootstrap initialization ... ok
12:36:19.984 [initdb:pid(78829)] INFO io.zonky.test.db.postgres.embedded.EmbeddedPostgres - syncing data to disk ... ok
12:36:19.984 [initdb:pid(78829)] INFO io.zonky.test.db.postgres.embedded.EmbeddedPostgres - 
12:36:19.984 [initdb:pid(78829)] INFO io.zonky.test.db.postgres.embedded.EmbeddedPostgres - Success. You can now start the database server using:
12:36:19.984 [initdb:pid(78829)] INFO io.zonky.test.db.postgres.embedded.EmbeddedPostgres - 
12:36:19.984 [initdb:pid(78829)] INFO io.zonky.test.db.postgres.embedded.EmbeddedPostgres -     /var/folders/9k/5b7bpgv54f3fq5k66m8yz3p00000gn/T/embedded-pg/PG-95baeb96ab6751ea71c17b280cad95e9/bin/pg_ctl -D /var/folders/9k/5b7bpgv54f3fq5k66m8yz3p00000gn/T/epg16102085508482002459 -l logfile start
12:36:19.984 [initdb:pid(78829)] INFO io.zonky.test.db.postgres.embedded.EmbeddedPostgres - 
12:36:19.984 [main] INFO io.zonky.test.db.postgres.embedded.EmbeddedPostgres - 438f1246-e081-4d38-8bdb-a2faf8e630f0 initdb completed in 00:00:00.479
12:36:19.989 [main] INFO io.zonky.test.db.postgres.embedded.EmbeddedPostgres - 438f1246-e081-4d38-8bdb-a2faf8e630f0 postmaster started as Process[pid=78840, exitValue="not exited"] on port 5432.  Waiting up to PT10S for server startup to finish.
12:36:20.012 [postgres:pid(78840)] INFO io.zonky.test.db.postgres.embedded.EmbeddedPostgres - waiting for server to start....2024-06-04 12:36:20.011 MSK [78842] LOG:  starting PostgreSQL 14.8 on x86_64-apple-darwin20.6.0, compiled by Apple clang version 12.0.0 (clang-1200.0.32.29), 64-bit
12:36:20.013 [postgres:pid(78840)] INFO io.zonky.test.db.postgres.embedded.EmbeddedPostgres - 2024-06-04 12:36:20.013 MSK [78842] LOG:  listening on IPv6 address "::1", port 5432
12:36:20.013 [postgres:pid(78840)] INFO io.zonky.test.db.postgres.embedded.EmbeddedPostgres - 2024-06-04 12:36:20.013 MSK [78842] LOG:  listening on IPv4 address "127.0.0.1", port 5432
12:36:20.013 [postgres:pid(78840)] INFO io.zonky.test.db.postgres.embedded.EmbeddedPostgres - 2024-06-04 12:36:20.013 MSK [78842] LOG:  listening on Unix socket "/tmp/.s.PGSQL.5432"
12:36:20.015 [postgres:pid(78840)] INFO io.zonky.test.db.postgres.embedded.EmbeddedPostgres - 2024-06-04 12:36:20.015 MSK [78843] LOG:  database system was shut down at 2024-06-04 12:36:19 MSK
12:36:20.016 [postgres:pid(78840)] INFO io.zonky.test.db.postgres.embedded.EmbeddedPostgres - 2024-06-04 12:36:20.016 MSK [78842] LOG:  database system is ready to accept connections
12:36:20.105 [postgres:pid(78840)] INFO io.zonky.test.db.postgres.embedded.EmbeddedPostgres -  done
12:36:20.105 [postgres:pid(78840)] INFO io.zonky.test.db.postgres.embedded.EmbeddedPostgres - server started
12:36:20.145 [main] INFO io.zonky.test.db.postgres.embedded.EmbeddedPostgres - 438f1246-e081-4d38-8bdb-a2faf8e630f0 postmaster startup finished in 00:00:00.160
12:36:20.149 [main] DEBUG org.springframework.test.context.support.DependencyInjectionTestExecutionListener - Performing dependency injection for test context [[DefaultTestContext@2b5825fa testClass = SomeTest, testInstance = SomeTest@425357dd, testMethod = [null], testException = [null], mergedContextConfiguration = [WebMergedContextConfiguration@53d1b9b3 testClass = SomeTest, locations = '{}', classes = '{class AbstractTestConfiguration$BaseConfiguration}', contextInitializerClasses = '[]', activeProfiles = '{}', propertySourceLocations = '{}', propertySourceProperties = '{org.springframework.boot.test.context.SpringBootTestContextBootstrapper=true}', contextCustomizers = set[[ImportsContextCustomizer@2cae1042 key = [@org.springframework.boot.test.context.SpringBootTest(args={}, webEnvironment=DEFINED_PORT, value={}, properties={}, classes={AbstractTestConfiguration$BaseConfiguration.class}), @org.springframework.boot.autoconfigure.EnableAutoConfiguration(exclude={}, excludeName={}), @org.springframework.context.annotation.Import({org.springframework.boot.autoconfigure.AutoConfigurationImportSelector.class}), @org.springframework.context.annotation.Import({org.springframework.boot.autoconfigure.AutoConfigurationPackages$Registrar.class}), @org.springframework.boot.autoconfigure.AutoConfigurationPackage(basePackages={}, basePackageClasses={}), @org.springframework.test.context.BootstrapWith(org.springframework.boot.test.context.SpringBootTestContextBootstrapper.class), @org.springframework.test.annotation.DirtiesContext(hierarchyMode=EXHAUSTIVE, methodMode=AFTER_METHOD, classMode=BEFORE_CLASS)]], org.springframework.boot.test.context.filter.ExcludeFilterContextCustomizer@345f69f3, org.springframework.boot.test.json.DuplicateJsonObjectContextCustomizerFactory$DuplicateJsonObjectContextCustomizer@1e8b7643, org.springframework.boot.test.mock.mockito.MockitoContextCustomizer@0, org.springframework.boot.test.web.client.TestRestTemplateContextCustomizer@1efe439d, org.springframework.boot.test.autoconfigure.actuate.metrics.MetricsExportContextCustomizerFactory$DisableMetricExportContextCustomizer@1339e7aa, org.springframework.boot.test.autoconfigure.properties.PropertyMappingContextCustomizer@0, org.springframework.boot.test.autoconfigure.web.servlet.WebDriverContextCustomizerFactory$Customizer@132e0cc, org.springframework.boot.test.context.SpringBootTestArgs@1, org.springframework.boot.test.context.SpringBootTestWebEnvironment@14cd1699], resourceBasePath = 'src/main/webapp', contextLoader = 'org.springframework.boot.test.context.SpringBootContextLoader', parent = [null]], attributes = map['org.springframework.test.context.web.ServletTestExecutionListener.activateListener' -> false, 'org.springframework.test.context.support.DependencyInjectionTestExecutionListener.reinjectDependencies' -> true, 'org.springframework.test.context.event.ApplicationEventsTestExecutionListener.recordApplicationEvents' -> false]]].

  .   ____          _            __ _ _
 /\\ / ___'_ __ _ _(_)_ __  __ _ \ \ \ \
( ( )\___ | '_ | '_| | '_ \/ _` | \ \ \ \
 \\/  ___)| |_)| | | | | || (_| |  ) ) ) )
  '  |____| .__|_| |_|_| |_\__, | / / / /
 =========|_|==============|___/=/_/_/_/
 :: Spring Boot ::                (v2.6.4)

2024-06-04 12:36:20.290  INFO 78817 --- [           main] SomeTest                                 : Starting SomeTest using Java 17.0.10 on Air-Daniil with PID 78817 (started by daniil in /Users/daniil/VSCodeProjects/ClassNotFoundException/demo)
2024-06-04 12:36:20.290  INFO 78817 --- [           main] SomeTest                                 : No active profile set, falling back to 1 default profile: "default"
2024-06-04 12:36:20.502  INFO 78817 --- [           main] .s.d.r.c.RepositoryConfigurationDelegate : Bootstrapping Spring Data JPA repositories in DEFAULT mode.
2024-06-04 12:36:20.519  INFO 78817 --- [           main] .s.d.r.c.RepositoryConfigurationDelegate : Finished Spring Data repository scanning in 14 ms. Found 1 JPA repository interfaces.
2024-06-04 12:36:20.878  INFO 78817 --- [           main] o.s.b.w.embedded.tomcat.TomcatWebServer  : Tomcat initialized with port(s): 8080 (http)
2024-06-04 12:36:20.883  INFO 78817 --- [           main] o.apache.catalina.core.StandardService   : Starting service [Tomcat]
2024-06-04 12:36:20.883  INFO 78817 --- [           main] org.apache.catalina.core.StandardEngine  : Starting Servlet engine: [Apache Tomcat/9.0.58]
2024-06-04 12:36:20.923  INFO 78817 --- [           main] o.a.c.c.C.[Tomcat].[localhost].[/]       : Initializing Spring embedded WebApplicationContext
2024-06-04 12:36:20.923  INFO 78817 --- [           main] w.s.c.ServletWebServerApplicationContext : Root WebApplicationContext: initialization completed in 625 ms
2024-06-04 12:36:21.098  INFO 78817 --- [           main] com.zaxxer.hikari.HikariDataSource       : HikariPool-1 - Starting...
2024-06-04 12:36:21.107  INFO 78817 --- [           main] com.zaxxer.hikari.HikariDataSource       : HikariPool-1 - Start completed.
2024-06-04 12:36:21.133  INFO 78817 --- [           main] o.hibernate.jpa.internal.util.LogHelper  : HHH000204: Processing PersistenceUnitInfo [name: default]
2024-06-04 12:36:21.151  INFO 78817 --- [           main] org.hibernate.Version                    : HHH000412: Hibernate ORM core version 5.6.5.Final
2024-06-04 12:36:21.213  INFO 78817 --- [           main] o.hibernate.annotations.common.Version   : HCANN000001: Hibernate Commons Annotations {5.1.2.Final}
2024-06-04 12:36:21.260  INFO 78817 --- [           main] org.hibernate.dialect.Dialect            : HHH000400: Using dialect: org.hibernate.dialect.PostgreSQL10Dialect
2024-06-04 12:36:21.460  INFO 78817 --- [           main] o.h.e.t.j.p.i.JtaPlatformInitiator       : HHH000490: Using JtaPlatform implementation: [org.hibernate.engine.transaction.jta.platform.internal.NoJtaPlatform]
2024-06-04 12:36:21.464  INFO 78817 --- [           main] j.LocalContainerEntityManagerFactoryBean : Initialized JPA EntityManagerFactory for persistence unit 'default'
2024-06-04 12:36:21.844  INFO 78817 --- [           main] o.s.b.a.e.web.EndpointLinksResolver      : Exposing 1 endpoint(s) beneath base path '/actuator'
2024-06-04 12:36:21.884  INFO 78817 --- [           main] o.s.b.w.embedded.tomcat.TomcatWebServer  : Tomcat started on port(s): 8080 (http) with context path ''
2024-06-04 12:36:21.893  INFO 78817 --- [           main] SomeTest                                 : Started SomeTest in 1.736 seconds (JVM running for 5.178)
Hello World
]]></system-out>
  </testcase>
</testsuite>